<?xml version="1.0" encoding="UTF-8"?>
<!-- Generated by org.testng.reporters.JUnitReportReporter -->
<testsuite skipped="0" hostname="CATL0XWAS00324" name="com.cox.testscripts.TC_001_Login_in_Time_portal" tests="1" failures="0" timestamp="24 Jul 2018 09:49:12 GMT" time="2.588" errors="0">
  <testcase name="Actitime_loginTest" time="2.588" classname="com.cox.testscripts.TC_001_Login_in_Time_portal"/>
</testsuite> <!-- com.cox.testscripts.TC_001_Login_in_Time_portal -->
